D:\DESIGN-PATTERN\C++\FACTORYMETHODPATTERN\DEBUG\FACTORYMETHODPATTERN.PCH
D:\DESIGN-PATTERN\C++\FACTORYMETHODPATTERN\DEBUG\STDAFX.OBJ
D:\DESIGN-PATTERN\C++\FACTORYMETHODPATTERN\DEBUG\VC110.PDB
D:\DESIGN-PATTERN\C++\FACTORYMETHODPATTERN\DEBUG\AUDI.OBJ
D:\DESIGN-PATTERN\C++\FACTORYMETHODPATTERN\DEBUG\AUDIFACTORY.OBJ
D:\DESIGN-PATTERN\C++\FACTORYMETHODPATTERN\DEBUG\BENZ.OBJ
D:\DESIGN-PATTERN\C++\FACTORYMETHODPATTERN\DEBUG\BENZFACTORY.OBJ
D:\DESIGN-PATTERN\C++\FACTORYMETHODPATTERN\DEBUG\FACTORYMETHODPATTERN.OBJ
D:\DESIGN-PATTERN\C++\DEBUG\FACTORYMETHODPATTERN.ILK
D:\DESIGN-PATTERN\C++\DEBUG\FACTORYMETHODPATTERN.EXE
D:\DESIGN-PATTERN\C++\DEBUG\FACTORYMETHODPATTERN.PDB
D:\Design-pattern\c++\FactoryMethodPattern\Debug\Audi.obj
D:\Design-pattern\c++\FactoryMethodPattern\Debug\AudiFactory.obj
D:\Design-pattern\c++\FactoryMethodPattern\Debug\Benz.obj
D:\Design-pattern\c++\FactoryMethodPattern\Debug\BenzFactory.obj
D:\Design-pattern\c++\FactoryMethodPattern\Debug\FactoryMethodPattern.obj
D:\Design-pattern\c++\FactoryMethodPattern\Debug\stdafx.obj
D:\Design-pattern\c++\FactoryMethodPattern\Debug\cl.command.1.tlog
D:\Design-pattern\c++\FactoryMethodPattern\Debug\CL.read.1.tlog
D:\Design-pattern\c++\FactoryMethodPattern\Debug\CL.write.1.tlog
D:\Design-pattern\c++\FactoryMethodPattern\Debug\link-cvtres.read.1.tlog
D:\Design-pattern\c++\FactoryMethodPattern\Debug\link-cvtres.write.1.tlog
D:\Design-pattern\c++\FactoryMethodPattern\Debug\link-rc.read.1.tlog
D:\Design-pattern\c++\FactoryMethodPattern\Debug\link-rc.write.1.tlog
D:\Design-pattern\c++\FactoryMethodPattern\Debug\link.command.1.tlog
D:\Design-pattern\c++\FactoryMethodPattern\Debug\link.read.1.tlog
D:\Design-pattern\c++\FactoryMethodPattern\Debug\link.write.1.tlog
D:\Design-pattern\c++\FactoryMethodPattern\Debug\FactoryMethodPattern.pch
D:\Design-pattern\c++\FactoryMethodPattern\Debug\vc110.idb
D:\Design-pattern\c++\FactoryMethodPattern\Debug\vc110.pdb
