D:\DESIGN-PATTERN\C++\SINGLETONPATTERN\DEBUG\SINGLETONPATTERN.PCH
D:\DESIGN-PATTERN\C++\SINGLETONPATTERN\DEBUG\STDAFX.OBJ
D:\DESIGN-PATTERN\C++\SINGLETONPATTERN\DEBUG\VC110.PDB
D:\DESIGN-PATTERN\C++\SINGLETONPATTERN\DEBUG\SAFEDOUBLELOCKSINGLETON.OBJ
D:\DESIGN-PATTERN\C++\SINGLETONPATTERN\DEBUG\SAFELOCKSINGLETON.OBJ
D:\DESIGN-PATTERN\C++\SINGLETONPATTERN\DEBUG\SINGLETON.OBJ
D:\DESIGN-PATTERN\C++\SINGLETONPATTERN\DEBUG\SINGLETONPATTERN.OBJ
D:\DESIGN-PATTERN\C++\SINGLETONPATTERN\DEBUG\UNSAFESINGLETON.OBJ
D:\DESIGN-PATTERN\C++\DEBUG\SINGLETONPATTERN.ILK
D:\DESIGN-PATTERN\C++\DEBUG\SINGLETONPATTERN.EXE
D:\DESIGN-PATTERN\C++\DEBUG\SINGLETONPATTERN.PDB
D:\Design-pattern\c++\SingletonPattern\Debug\SafeDoubleLockSingleton.obj
D:\Design-pattern\c++\SingletonPattern\Debug\SafeLockSingleton.obj
D:\Design-pattern\c++\SingletonPattern\Debug\Singleton.obj
D:\Design-pattern\c++\SingletonPattern\Debug\SingletonPattern.obj
D:\Design-pattern\c++\SingletonPattern\Debug\stdafx.obj
D:\Design-pattern\c++\SingletonPattern\Debug\UnsafeSingleton.obj
D:\Design-pattern\c++\SingletonPattern\Debug\cl.command.1.tlog
D:\Design-pattern\c++\SingletonPattern\Debug\CL.read.1.tlog
D:\Design-pattern\c++\SingletonPattern\Debug\CL.write.1.tlog
D:\Design-pattern\c++\SingletonPattern\Debug\link-cvtres.read.1.tlog
D:\Design-pattern\c++\SingletonPattern\Debug\link-cvtres.write.1.tlog
D:\Design-pattern\c++\SingletonPattern\Debug\link-rc.read.1.tlog
D:\Design-pattern\c++\SingletonPattern\Debug\link-rc.write.1.tlog
D:\Design-pattern\c++\SingletonPattern\Debug\link.command.1.tlog
D:\Design-pattern\c++\SingletonPattern\Debug\link.read.1.tlog
D:\Design-pattern\c++\SingletonPattern\Debug\link.write.1.tlog
D:\Design-pattern\c++\SingletonPattern\Debug\SingletonPattern.pch
D:\Design-pattern\c++\SingletonPattern\Debug\vc110.idb
D:\Design-pattern\c++\SingletonPattern\Debug\vc110.pdb
