D:\DESIGN-PATTERN\C++\DECORATORPATTERN\DEBUG\DECORATORPATTERN.PCH
D:\DESIGN-PATTERN\C++\DECORATORPATTERN\DEBUG\STDAFX.OBJ
D:\DESIGN-PATTERN\C++\DECORATORPATTERN\DEBUG\VC110.PDB
D:\DESIGN-PATTERN\C++\DECORATORPATTERN\DEBUG\DECORATORPATTERN.OBJ
D:\DESIGN-PATTERN\C++\DECORATORPATTERN\DEBUG\EGG.OBJ
D:\DESIGN-PATTERN\C++\DECORATORPATTERN\DEBUG\FOOD.OBJ
D:\DESIGN-PATTERN\C++\DECORATORPATTERN\DEBUG\INGREDIENTS.OBJ
D:\DESIGN-PATTERN\C++\DECORATORPATTERN\DEBUG\NOODLES.OBJ
D:\DESIGN-PATTERN\C++\DECORATORPATTERN\DEBUG\TOMATO.OBJ
D:\DESIGN-PATTERN\C++\DEBUG\DECORATORPATTERN.ILK
D:\DESIGN-PATTERN\C++\DEBUG\DECORATORPATTERN.EXE
D:\DESIGN-PATTERN\C++\DEBUG\DECORATORPATTERN.PDB
D:\Design-pattern\c++\DecoratorPattern\Debug\DecoratorPattern.obj
D:\Design-pattern\c++\DecoratorPattern\Debug\Egg.obj
D:\Design-pattern\c++\DecoratorPattern\Debug\Food.obj
D:\Design-pattern\c++\DecoratorPattern\Debug\Ingredients.obj
D:\Design-pattern\c++\DecoratorPattern\Debug\Noodles.obj
D:\Design-pattern\c++\DecoratorPattern\Debug\stdafx.obj
D:\Design-pattern\c++\DecoratorPattern\Debug\Tomato.obj
D:\Design-pattern\c++\DecoratorPattern\Debug\cl.command.1.tlog
D:\Design-pattern\c++\DecoratorPattern\Debug\CL.read.1.tlog
D:\Design-pattern\c++\DecoratorPattern\Debug\CL.write.1.tlog
D:\Design-pattern\c++\DecoratorPattern\Debug\link-cvtres.read.1.tlog
D:\Design-pattern\c++\DecoratorPattern\Debug\link-cvtres.write.1.tlog
D:\Design-pattern\c++\DecoratorPattern\Debug\link-rc.read.1.tlog
D:\Design-pattern\c++\DecoratorPattern\Debug\link-rc.write.1.tlog
D:\Design-pattern\c++\DecoratorPattern\Debug\link.command.1.tlog
D:\Design-pattern\c++\DecoratorPattern\Debug\link.read.1.tlog
D:\Design-pattern\c++\DecoratorPattern\Debug\link.write.1.tlog
D:\Design-pattern\c++\DecoratorPattern\Debug\DecoratorPattern.pch
D:\Design-pattern\c++\DecoratorPattern\Debug\vc110.idb
D:\Design-pattern\c++\DecoratorPattern\Debug\vc110.pdb
D:\Design-pattern\c++\Debug\DecoratorPattern.pdb
D:\Design-pattern\c++\Debug\DecoratorPattern.exe
D:\Design-pattern\c++\Debug\DecoratorPattern.ilk
