D:\DESIGN-PATTERN\C++\BRIDGEPATTERN\DEBUG\BRIDGEPATTERN.PCH
D:\DESIGN-PATTERN\C++\BRIDGEPATTERN\DEBUG\STDAFX.OBJ
D:\DESIGN-PATTERN\C++\BRIDGEPATTERN\DEBUG\VC110.PDB
D:\DESIGN-PATTERN\C++\BRIDGEPATTERN\DEBUG\BRIDGEPATTERN.OBJ
D:\DESIGN-PATTERN\C++\BRIDGEPATTERN\DEBUG\GAME.OBJ
D:\DESIGN-PATTERN\C++\BRIDGEPATTERN\DEBUG\IPHONE.OBJ
D:\DESIGN-PATTERN\C++\BRIDGEPATTERN\DEBUG\MEIZU.OBJ
D:\DESIGN-PATTERN\C++\BRIDGEPATTERN\DEBUG\MOBILEPHONE.OBJ
D:\DESIGN-PATTERN\C++\BRIDGEPATTERN\DEBUG\MUSIC.OBJ
D:\DESIGN-PATTERN\C++\DEBUG\BRIDGEPATTERN.ILK
D:\DESIGN-PATTERN\C++\DEBUG\BRIDGEPATTERN.EXE
D:\DESIGN-PATTERN\C++\DEBUG\BRIDGEPATTERN.PDB
D:\Design-pattern\c++\BridgePattern\Debug\BridgePattern.obj
D:\Design-pattern\c++\BridgePattern\Debug\Game.obj
D:\Design-pattern\c++\BridgePattern\Debug\IPhone.obj
D:\Design-pattern\c++\BridgePattern\Debug\MEIZU.obj
D:\Design-pattern\c++\BridgePattern\Debug\MobilePhone.obj
D:\Design-pattern\c++\BridgePattern\Debug\Music.obj
D:\Design-pattern\c++\BridgePattern\Debug\stdafx.obj
D:\Design-pattern\c++\BridgePattern\Debug\cl.command.1.tlog
D:\Design-pattern\c++\BridgePattern\Debug\CL.read.1.tlog
D:\Design-pattern\c++\BridgePattern\Debug\CL.write.1.tlog
D:\Design-pattern\c++\BridgePattern\Debug\link-cvtres.read.1.tlog
D:\Design-pattern\c++\BridgePattern\Debug\link-cvtres.write.1.tlog
D:\Design-pattern\c++\BridgePattern\Debug\link-rc.read.1.tlog
D:\Design-pattern\c++\BridgePattern\Debug\link-rc.write.1.tlog
D:\Design-pattern\c++\BridgePattern\Debug\link.command.1.tlog
D:\Design-pattern\c++\BridgePattern\Debug\link.read.1.tlog
D:\Design-pattern\c++\BridgePattern\Debug\link.write.1.tlog
D:\Design-pattern\c++\BridgePattern\Debug\BridgePattern.pch
D:\Design-pattern\c++\BridgePattern\Debug\vc110.idb
D:\Design-pattern\c++\BridgePattern\Debug\vc110.pdb
D:\Design-pattern\c++\Debug\BridgePattern.pdb
D:\Design-pattern\c++\Debug\BridgePattern.exe
D:\Design-pattern\c++\Debug\BridgePattern.ilk
