生成启动时间为 2016/4/8 17:59:36。
项目“D:\Design-pattern\c++\BridgePattern\BridgePattern.vcxproj”在节点 2 上(Rebuild 个目标)。
ClCompile:
  D:\Program Files\Microsoft Visual Studio 11.0\VC\bin\CL.exe /c /ZI /nologo /W3 /WX- /sdl /Od /Oy- /D WIN32 /D _DEBUG /D _CONSOLE /D _UNICODE /D UNICODE /Gm /EHsc /RTC1 /MDd /GS /fp:precise /Zc:wchar_t /Zc:forScope /Yc"stdafx.h" /Fp"Debug\BridgePattern.pch" /Fo"Debug\\" /Fd"Debug\vc110.pdb" /Gd /TP /analyze- /errorReport:prompt stdafx.cpp
  stdafx.cpp
  D:\Program Files\Microsoft Visual Studio 11.0\VC\bin\CL.exe /c /ZI /nologo /W3 /WX- /sdl /Od /Oy- /D WIN32 /D _DEBUG /D _CONSOLE /D _UNICODE /D UNICODE /Gm /EHsc /RTC1 /MDd /GS /fp:precise /Zc:wchar_t /Zc:forScope /Yu"stdafx.h" /Fp"Debug\BridgePattern.pch" /Fo"Debug\\" /Fd"Debug\vc110.pdb" /Gd /TP /analyze- /errorReport:prompt BridgePattern.cpp Game.cpp IPhone.cpp MEIZU.cpp MobilePhone.cpp Music.cpp
  Music.cpp
  MobilePhone.cpp
  MEIZU.cpp
  IPhone.cpp
  Game.cpp
  BridgePattern.cpp
  正在生成代码...
Link:
  D:\Program Files\Microsoft Visual Studio 11.0\VC\bin\link.exe /ERRORREPORT:PROMPT /OUT:"D:\Design-pattern\c++\Debug\BridgePattern.exe" /INCREMENTAL /NOLOGO kernel32.lib user32.lib gdi32.lib winspool.lib comdlg32.lib advapi32.lib shell32.lib ole32.lib oleaut32.lib uuid.lib odbc32.lib odbccp32.lib /MANIFEST /MANIFESTUAC:"level='asInvoker' uiAccess='false'" /manifest:embed /DEBUG /PDB:"D:\Design-pattern\c++\Debug\BridgePattern.pdb" /SUBSYSTEM:CONSOLE /TLBID:1 /DYNAMICBASE /NXCOMPAT /IMPLIB:"D:\Design-pattern\c++\Debug\BridgePattern.lib" /MACHINE:X86 Debug\BridgePattern.obj
  Debug\Game.obj
  Debug\IPhone.obj
  Debug\MEIZU.obj
  Debug\MobilePhone.obj
  Debug\Music.obj
  Debug\stdafx.obj
  BridgePattern.vcxproj -> D:\Design-pattern\c++\Debug\BridgePattern.exe
已完成生成项目“D:\Design-pattern\c++\BridgePattern\BridgePattern.vcxproj”(Rebuild 个目标)的操作。

生成成功。

已用时间 00:00:08.95
