D:\DESIGN-PATTERN\C++\SIMPLEFACTORYPATTERN\DEBUG\SIMPLEFACTORYPATTERN.PCH
D:\DESIGN-PATTERN\C++\SIMPLEFACTORYPATTERN\DEBUG\STDAFX.OBJ
D:\DESIGN-PATTERN\C++\SIMPLEFACTORYPATTERN\DEBUG\VC110.PDB
D:\DESIGN-PATTERN\C++\SIMPLEFACTORYPATTERN\DEBUG\AUDI.OBJ
D:\DESIGN-PATTERN\C++\SIMPLEFACTORYPATTERN\DEBUG\BENZ.OBJ
D:\DESIGN-PATTERN\C++\SIMPLEFACTORYPATTERN\DEBUG\CARFACTORY.OBJ
D:\DESIGN-PATTERN\C++\SIMPLEFACTORYPATTERN\DEBUG\SIMPLEFACTORYPATTERN.OBJ
D:\DESIGN-PATTERN\C++\DEBUG\SIMPLEFACTORYPATTERN.ILK
D:\DESIGN-PATTERN\C++\DEBUG\SIMPLEFACTORYPATTERN.EXE
D:\DESIGN-PATTERN\C++\DEBUG\SIMPLEFACTORYPATTERN.PDB
D:\Design-pattern\c++\SimpleFactoryPattern\Debug\Audi.obj
D:\Design-pattern\c++\SimpleFactoryPattern\Debug\Benz.obj
D:\Design-pattern\c++\SimpleFactoryPattern\Debug\CarFactory.obj
D:\Design-pattern\c++\SimpleFactoryPattern\Debug\SimpleFactoryPattern.obj
D:\Design-pattern\c++\SimpleFactoryPattern\Debug\stdafx.obj
D:\Design-pattern\c++\SimpleFactoryPattern\Debug\cl.command.1.tlog
D:\Design-pattern\c++\SimpleFactoryPattern\Debug\CL.read.1.tlog
D:\Design-pattern\c++\SimpleFactoryPattern\Debug\CL.write.1.tlog
D:\Design-pattern\c++\SimpleFactoryPattern\Debug\link-cvtres.read.1.tlog
D:\Design-pattern\c++\SimpleFactoryPattern\Debug\link-cvtres.write.1.tlog
D:\Design-pattern\c++\SimpleFactoryPattern\Debug\link-rc.read.1.tlog
D:\Design-pattern\c++\SimpleFactoryPattern\Debug\link-rc.write.1.tlog
D:\Design-pattern\c++\SimpleFactoryPattern\Debug\link.command.1.tlog
D:\Design-pattern\c++\SimpleFactoryPattern\Debug\link.read.1.tlog
D:\Design-pattern\c++\SimpleFactoryPattern\Debug\link.write.1.tlog
D:\Design-pattern\c++\SimpleFactoryPattern\Debug\SimpleFactoryPattern.pch
D:\Design-pattern\c++\SimpleFactoryPattern\Debug\vc110.idb
D:\Design-pattern\c++\SimpleFactoryPattern\Debug\vc110.pdb
