D:\DESIGN-PATTERN\C++\COMPOSITEPATTERN\DEBUG\COMPOSITEPATTERN.PCH
D:\DESIGN-PATTERN\C++\COMPOSITEPATTERN\DEBUG\STDAFX.OBJ
D:\DESIGN-PATTERN\C++\COMPOSITEPATTERN\DEBUG\VC110.PDB
D:\DESIGN-PATTERN\C++\COMPOSITEPATTERN\DEBUG\COMPOSITEPATTERN.OBJ
D:\DESIGN-PATTERN\C++\COMPOSITEPATTERN\DEBUG\TRANSPARENTCOMPONENT.OBJ
D:\DESIGN-PATTERN\C++\COMPOSITEPATTERN\DEBUG\TRANSPARENTCOMPOSITE.OBJ
D:\DESIGN-PATTERN\C++\COMPOSITEPATTERN\DEBUG\TRANSPARENTLEAF.OBJ
D:\DESIGN-PATTERN\C++\DEBUG\COMPOSITEPATTERN.ILK
D:\DESIGN-PATTERN\C++\DEBUG\COMPOSITEPATTERN.EXE
D:\DESIGN-PATTERN\C++\DEBUG\COMPOSITEPATTERN.PDB
D:\Design-pattern\c++\CompositePattern\Debug\CompositePattern.obj
D:\Design-pattern\c++\CompositePattern\Debug\stdafx.obj
D:\Design-pattern\c++\CompositePattern\Debug\TransparentComponent.obj
D:\Design-pattern\c++\CompositePattern\Debug\TransparentComposite.obj
D:\Design-pattern\c++\CompositePattern\Debug\TransparentLeaf.obj
D:\Design-pattern\c++\CompositePattern\Debug\cl.command.1.tlog
D:\Design-pattern\c++\CompositePattern\Debug\CL.read.1.tlog
D:\Design-pattern\c++\CompositePattern\Debug\CL.write.1.tlog
D:\Design-pattern\c++\CompositePattern\Debug\link-cvtres.read.1.tlog
D:\Design-pattern\c++\CompositePattern\Debug\link-cvtres.write.1.tlog
D:\Design-pattern\c++\CompositePattern\Debug\link-rc.read.1.tlog
D:\Design-pattern\c++\CompositePattern\Debug\link-rc.write.1.tlog
D:\Design-pattern\c++\CompositePattern\Debug\link.command.1.tlog
D:\Design-pattern\c++\CompositePattern\Debug\link.read.1.tlog
D:\Design-pattern\c++\CompositePattern\Debug\link.write.1.tlog
D:\Design-pattern\c++\CompositePattern\Debug\CompositePattern.pch
D:\Design-pattern\c++\CompositePattern\Debug\vc110.idb
D:\Design-pattern\c++\CompositePattern\Debug\vc110.pdb
D:\Design-pattern\c++\Debug\CompositePattern.pdb
D:\Design-pattern\c++\Debug\CompositePattern.exe
D:\Design-pattern\c++\Debug\CompositePattern.ilk
