生成启动时间为 2016/4/13 17:54:11。
项目“D:\Design-pattern\c++\CompositePattern\CompositePattern.vcxproj”在节点 2 上(Rebuild 个目标)。
ClCompile:
  D:\Program Files\Microsoft Visual Studio 11.0\VC\bin\CL.exe /c /ZI /nologo /W3 /WX- /sdl /Od /Oy- /D WIN32 /D _DEBUG /D _CONSOLE /D _UNICODE /D UNICODE /Gm /EHsc /RTC1 /MDd /GS /fp:precise /Zc:wchar_t /Zc:forScope /Yc"stdafx.h" /Fp"Debug\CompositePattern.pch" /Fo"Debug\\" /Fd"Debug\vc110.pdb" /Gd /TP /analyze- /errorReport:prompt stdafx.cpp
  stdafx.cpp
  D:\Program Files\Microsoft Visual Studio 11.0\VC\bin\CL.exe /c /ZI /nologo /W3 /WX- /sdl /Od /Oy- /D WIN32 /D _DEBUG /D _CONSOLE /D _UNICODE /D UNICODE /Gm /EHsc /RTC1 /MDd /GS /fp:precise /Zc:wchar_t /Zc:forScope /Yu"stdafx.h" /Fp"Debug\CompositePattern.pch" /Fo"Debug\\" /Fd"Debug\vc110.pdb" /Gd /TP /analyze- /errorReport:prompt CompositePattern.cpp TransparentComponent.cpp TransparentComposite.cpp TransparentLeaf.cpp
  TransparentLeaf.cpp
  TransparentComposite.cpp
d:\design-pattern\c++\compositepattern\transparentcomposite.cpp(34): warning C4018: “<”: 有符号/无符号不匹配
d:\design-pattern\c++\compositepattern\transparentcomposite.cpp(47): warning C4018: “<”: 有符号/无符号不匹配
  TransparentComponent.cpp
  CompositePattern.cpp
  正在生成代码...
Link:
  D:\Program Files\Microsoft Visual Studio 11.0\VC\bin\link.exe /ERRORREPORT:PROMPT /OUT:"D:\Design-pattern\c++\Debug\CompositePattern.exe" /INCREMENTAL /NOLOGO kernel32.lib user32.lib gdi32.lib winspool.lib comdlg32.lib advapi32.lib shell32.lib ole32.lib oleaut32.lib uuid.lib odbc32.lib odbccp32.lib /MANIFEST /MANIFESTUAC:"level='asInvoker' uiAccess='false'" /manifest:embed /DEBUG /PDB:"D:\Design-pattern\c++\Debug\CompositePattern.pdb" /SUBSYSTEM:CONSOLE /TLBID:1 /DYNAMICBASE /NXCOMPAT /IMPLIB:"D:\Design-pattern\c++\Debug\CompositePattern.lib" /MACHINE:X86 Debug\CompositePattern.obj
  Debug\stdafx.obj
  Debug\TransparentComponent.obj
  Debug\TransparentComposite.obj
  Debug\TransparentLeaf.obj
  CompositePattern.vcxproj -> D:\Design-pattern\c++\Debug\CompositePattern.exe
已完成生成项目“D:\Design-pattern\c++\CompositePattern\CompositePattern.vcxproj”(Rebuild 个目标)的操作。

生成成功。

已用时间 00:00:02.73
