D:\DESIGN-PATTERN\C++\BUILDERPATTERN\DEBUG\BUILDERPATTERN.PCH
D:\DESIGN-PATTERN\C++\BUILDERPATTERN\DEBUG\STDAFX.OBJ
D:\DESIGN-PATTERN\C++\BUILDERPATTERN\DEBUG\VC110.PDB
D:\DESIGN-PATTERN\C++\BUILDERPATTERN\DEBUG\BUILDERAUDI.OBJ
D:\DESIGN-PATTERN\C++\BUILDERPATTERN\DEBUG\BUILDERBENZ.OBJ
D:\DESIGN-PATTERN\C++\BUILDERPATTERN\DEBUG\BUILDERPATTERN.OBJ
D:\DESIGN-PATTERN\C++\BUILDERPATTERN\DEBUG\DIRECTOR.OBJ
D:\DESIGN-PATTERN\C++\DEBUG\BUILDERPATTERN.ILK
D:\DESIGN-PATTERN\C++\DEBUG\BUILDERPATTERN.EXE
D:\DESIGN-PATTERN\C++\DEBUG\BUILDERPATTERN.PDB
D:\Design-pattern\c++\BuilderPattern\Debug\BuilderAudi.obj
D:\Design-pattern\c++\BuilderPattern\Debug\BuilderBenz.obj
D:\Design-pattern\c++\BuilderPattern\Debug\BuilderPattern.obj
D:\Design-pattern\c++\BuilderPattern\Debug\Director.obj
D:\Design-pattern\c++\BuilderPattern\Debug\stdafx.obj
D:\Design-pattern\c++\BuilderPattern\Debug\cl.command.1.tlog
D:\Design-pattern\c++\BuilderPattern\Debug\CL.read.1.tlog
D:\Design-pattern\c++\BuilderPattern\Debug\CL.write.1.tlog
D:\Design-pattern\c++\BuilderPattern\Debug\link-cvtres.read.1.tlog
D:\Design-pattern\c++\BuilderPattern\Debug\link-cvtres.write.1.tlog
D:\Design-pattern\c++\BuilderPattern\Debug\link-rc.read.1.tlog
D:\Design-pattern\c++\BuilderPattern\Debug\link-rc.write.1.tlog
D:\Design-pattern\c++\BuilderPattern\Debug\link.command.1.tlog
D:\Design-pattern\c++\BuilderPattern\Debug\link.read.1.tlog
D:\Design-pattern\c++\BuilderPattern\Debug\link.write.1.tlog
D:\Design-pattern\c++\BuilderPattern\Debug\BuilderPattern.pch
D:\Design-pattern\c++\BuilderPattern\Debug\vc110.idb
D:\Design-pattern\c++\BuilderPattern\Debug\vc110.pdb
D:\Design-pattern\c++\Debug\BuilderPattern.pdb
D:\Design-pattern\c++\Debug\BuilderPattern.exe
D:\Design-pattern\c++\Debug\BuilderPattern.ilk
