生成启动时间为 2016/4/19 15:46:04。
项目“D:\Design-pattern\c++\FlyweightPattern\FlyweightPattern.vcxproj”在节点 2 上(Rebuild 个目标)。
ClCompile:
  D:\Program Files\Microsoft Visual Studio 11.0\VC\bin\CL.exe /c /ZI /nologo /W3 /WX- /sdl /Od /Oy- /D WIN32 /D _DEBUG /D _CONSOLE /D _UNICODE /D UNICODE /Gm /EHsc /RTC1 /MDd /GS /fp:precise /Zc:wchar_t /Zc:forScope /Yc"stdafx.h" /Fp"Debug\FlyweightPattern.pch" /Fo"Debug\\" /Fd"Debug\vc110.pdb" /Gd /TP /analyze- /errorReport:prompt stdafx.cpp
  stdafx.cpp
  D:\Program Files\Microsoft Visual Studio 11.0\VC\bin\CL.exe /c /ZI /nologo /W3 /WX- /sdl /Od /Oy- /D WIN32 /D _DEBUG /D _CONSOLE /D _UNICODE /D UNICODE /Gm /EHsc /RTC1 /MDd /GS /fp:precise /Zc:wchar_t /Zc:forScope /Yu"stdafx.h" /Fp"Debug\FlyweightPattern.pch" /Fo"Debug\\" /Fd"Debug\vc110.pdb" /Gd /TP /analyze- /errorReport:prompt Course.cpp CourseFactory.cpp FlyweightPattern.cpp Student.cpp
  Student.cpp
  FlyweightPattern.cpp
  CourseFactory.cpp
  Course.cpp
  正在生成代码...
Link:
  D:\Program Files\Microsoft Visual Studio 11.0\VC\bin\link.exe /ERRORREPORT:PROMPT /OUT:"D:\Design-pattern\c++\Debug\FlyweightPattern.exe" /INCREMENTAL /NOLOGO kernel32.lib user32.lib gdi32.lib winspool.lib comdlg32.lib advapi32.lib shell32.lib ole32.lib oleaut32.lib uuid.lib odbc32.lib odbccp32.lib /MANIFEST /MANIFESTUAC:"level='asInvoker' uiAccess='false'" /manifest:embed /DEBUG /PDB:"D:\Design-pattern\c++\Debug\FlyweightPattern.pdb" /SUBSYSTEM:CONSOLE /TLBID:1 /DYNAMICBASE /NXCOMPAT /IMPLIB:"D:\Design-pattern\c++\Debug\FlyweightPattern.lib" /MACHINE:X86 Debug\Course.obj
  Debug\CourseFactory.obj
  Debug\FlyweightPattern.obj
  Debug\stdafx.obj
  Debug\Student.obj
  FlyweightPattern.vcxproj -> D:\Design-pattern\c++\Debug\FlyweightPattern.exe
已完成生成项目“D:\Design-pattern\c++\FlyweightPattern\FlyweightPattern.vcxproj”(Rebuild 个目标)的操作。

生成成功。

已用时间 00:00:03.52
