D:\DESIGN-PATTERN\C++\FLYWEIGHTPATTERN\DEBUG\FLYWEIGHTPATTERN.PCH
D:\DESIGN-PATTERN\C++\FLYWEIGHTPATTERN\DEBUG\STDAFX.OBJ
D:\DESIGN-PATTERN\C++\FLYWEIGHTPATTERN\DEBUG\VC110.PDB
D:\DESIGN-PATTERN\C++\FLYWEIGHTPATTERN\DEBUG\COURSE.OBJ
D:\DESIGN-PATTERN\C++\FLYWEIGHTPATTERN\DEBUG\COURSEFACTORY.OBJ
D:\DESIGN-PATTERN\C++\FLYWEIGHTPATTERN\DEBUG\FLYWEIGHTPATTERN.OBJ
D:\DESIGN-PATTERN\C++\FLYWEIGHTPATTERN\DEBUG\STUDENT.OBJ
D:\DESIGN-PATTERN\C++\DEBUG\FLYWEIGHTPATTERN.ILK
D:\DESIGN-PATTERN\C++\DEBUG\FLYWEIGHTPATTERN.EXE
D:\DESIGN-PATTERN\C++\DEBUG\FLYWEIGHTPATTERN.PDB
D:\Design-pattern\c++\FlyweightPattern\Debug\Course.obj
D:\Design-pattern\c++\FlyweightPattern\Debug\CourseFactory.obj
D:\Design-pattern\c++\FlyweightPattern\Debug\FlyweightPattern.obj
D:\Design-pattern\c++\FlyweightPattern\Debug\stdafx.obj
D:\Design-pattern\c++\FlyweightPattern\Debug\Student.obj
D:\Design-pattern\c++\FlyweightPattern\Debug\cl.command.1.tlog
D:\Design-pattern\c++\FlyweightPattern\Debug\CL.read.1.tlog
D:\Design-pattern\c++\FlyweightPattern\Debug\CL.write.1.tlog
D:\Design-pattern\c++\FlyweightPattern\Debug\link-cvtres.read.1.tlog
D:\Design-pattern\c++\FlyweightPattern\Debug\link-cvtres.write.1.tlog
D:\Design-pattern\c++\FlyweightPattern\Debug\link-rc.read.1.tlog
D:\Design-pattern\c++\FlyweightPattern\Debug\link-rc.write.1.tlog
D:\Design-pattern\c++\FlyweightPattern\Debug\link.command.1.tlog
D:\Design-pattern\c++\FlyweightPattern\Debug\link.read.1.tlog
D:\Design-pattern\c++\FlyweightPattern\Debug\link.write.1.tlog
D:\Design-pattern\c++\FlyweightPattern\Debug\FlyweightPattern.pch
D:\Design-pattern\c++\FlyweightPattern\Debug\vc110.idb
D:\Design-pattern\c++\FlyweightPattern\Debug\vc110.pdb
D:\Design-pattern\c++\Debug\FlyweightPattern.pdb
D:\Design-pattern\c++\Debug\FlyweightPattern.exe
D:\Design-pattern\c++\Debug\FlyweightPattern.ilk
