D:\DESIGN-PATTERN\C++\ADAPTERPATTERN\DEBUG\ADAPTERPATTERN.PCH
D:\DESIGN-PATTERN\C++\ADAPTERPATTERN\DEBUG\STDAFX.OBJ
D:\DESIGN-PATTERN\C++\ADAPTERPATTERN\DEBUG\VC110.PDB
D:\DESIGN-PATTERN\C++\ADAPTERPATTERN\DEBUG\ADAPTERPATTERN.OBJ
D:\DESIGN-PATTERN\C++\ADAPTERPATTERN\DEBUG\CALCULATION.OBJ
D:\DESIGN-PATTERN\C++\ADAPTERPATTERN\DEBUG\CALCULATIONADAPTEE.OBJ
D:\DESIGN-PATTERN\C++\ADAPTERPATTERN\DEBUG\CALCULATIONCLASSADAPTER.OBJ
D:\DESIGN-PATTERN\C++\ADAPTERPATTERN\DEBUG\CALCULATIONOBJECTADAPTER.OBJ
D:\DESIGN-PATTERN\C++\DEBUG\ADAPTERPATTERN.ILK
D:\DESIGN-PATTERN\C++\DEBUG\ADAPTERPATTERN.EXE
D:\DESIGN-PATTERN\C++\DEBUG\ADAPTERPATTERN.PDB
D:\Design-pattern\c++\AdapterPattern\Debug\AdapterPattern.obj
D:\Design-pattern\c++\AdapterPattern\Debug\Calculation.obj
D:\Design-pattern\c++\AdapterPattern\Debug\CalculationAdaptee.obj
D:\Design-pattern\c++\AdapterPattern\Debug\CalculationClassAdapter.obj
D:\Design-pattern\c++\AdapterPattern\Debug\CalculationObjectAdapter.obj
D:\Design-pattern\c++\AdapterPattern\Debug\stdafx.obj
D:\Design-pattern\c++\AdapterPattern\Debug\cl.command.1.tlog
D:\Design-pattern\c++\AdapterPattern\Debug\CL.read.1.tlog
D:\Design-pattern\c++\AdapterPattern\Debug\CL.write.1.tlog
D:\Design-pattern\c++\AdapterPattern\Debug\link-cvtres.read.1.tlog
D:\Design-pattern\c++\AdapterPattern\Debug\link-cvtres.write.1.tlog
D:\Design-pattern\c++\AdapterPattern\Debug\link-rc.read.1.tlog
D:\Design-pattern\c++\AdapterPattern\Debug\link-rc.write.1.tlog
D:\Design-pattern\c++\AdapterPattern\Debug\link.command.1.tlog
D:\Design-pattern\c++\AdapterPattern\Debug\link.read.1.tlog
D:\Design-pattern\c++\AdapterPattern\Debug\link.write.1.tlog
D:\Design-pattern\c++\AdapterPattern\Debug\AdapterPattern.pch
D:\Design-pattern\c++\AdapterPattern\Debug\vc110.idb
D:\Design-pattern\c++\AdapterPattern\Debug\vc110.pdb
D:\Design-pattern\c++\Debug\AdapterPattern.pdb
D:\Design-pattern\c++\Debug\AdapterPattern.exe
D:\Design-pattern\c++\Debug\AdapterPattern.ilk
