D:\DESIGN-PATTERN\C++\PROTOTYPEPATTERN\DEBUG\PROTOTYPEPATTERN.PCH
D:\DESIGN-PATTERN\C++\PROTOTYPEPATTERN\DEBUG\STDAFX.OBJ
D:\DESIGN-PATTERN\C++\PROTOTYPEPATTERN\DEBUG\VC110.PDB
D:\DESIGN-PATTERN\C++\PROTOTYPEPATTERN\DEBUG\DEEPSTUDENT.OBJ
D:\DESIGN-PATTERN\C++\PROTOTYPEPATTERN\DEBUG\PROTOTYPEPATTERN.OBJ
D:\DESIGN-PATTERN\C++\PROTOTYPEPATTERN\DEBUG\SHALLOWSTUDENT.OBJ
D:\DESIGN-PATTERN\C++\DEBUG\PROTOTYPEPATTERN.ILK
D:\DESIGN-PATTERN\C++\DEBUG\PROTOTYPEPATTERN.EXE
D:\DESIGN-PATTERN\C++\DEBUG\PROTOTYPEPATTERN.PDB
D:\Design-pattern\c++\PrototypePattern\Debug\DeepStudent.obj
D:\Design-pattern\c++\PrototypePattern\Debug\PrototypePattern.obj
D:\Design-pattern\c++\PrototypePattern\Debug\ShallowStudent.obj
D:\Design-pattern\c++\PrototypePattern\Debug\stdafx.obj
D:\Design-pattern\c++\PrototypePattern\Debug\cl.command.1.tlog
D:\Design-pattern\c++\PrototypePattern\Debug\CL.read.1.tlog
D:\Design-pattern\c++\PrototypePattern\Debug\CL.write.1.tlog
D:\Design-pattern\c++\PrototypePattern\Debug\link-cvtres.read.1.tlog
D:\Design-pattern\c++\PrototypePattern\Debug\link-cvtres.write.1.tlog
D:\Design-pattern\c++\PrototypePattern\Debug\link-rc.read.1.tlog
D:\Design-pattern\c++\PrototypePattern\Debug\link-rc.write.1.tlog
D:\Design-pattern\c++\PrototypePattern\Debug\link.command.1.tlog
D:\Design-pattern\c++\PrototypePattern\Debug\link.read.1.tlog
D:\Design-pattern\c++\PrototypePattern\Debug\link.write.1.tlog
D:\Design-pattern\c++\PrototypePattern\Debug\PrototypePattern.pch
D:\Design-pattern\c++\PrototypePattern\Debug\vc110.idb
D:\Design-pattern\c++\PrototypePattern\Debug\vc110.pdb
D:\Design-pattern\c++\Debug\PrototypePattern.pdb
D:\Design-pattern\c++\Debug\PrototypePattern.exe
D:\Design-pattern\c++\Debug\PrototypePattern.ilk
