D:\DESIGN-PATTERN\C++\ABSTRACTFACTORYPATTERN\DEBUG\ABSTRACTFACTORYPATTERN.PCH
D:\DESIGN-PATTERN\C++\ABSTRACTFACTORYPATTERN\DEBUG\STDAFX.OBJ
D:\DESIGN-PATTERN\C++\ABSTRACTFACTORYPATTERN\DEBUG\VC110.PDB
D:\DESIGN-PATTERN\C++\ABSTRACTFACTORYPATTERN\DEBUG\ABSTRACTFACTORYPATTERN.OBJ
D:\DESIGN-PATTERN\C++\ABSTRACTFACTORYPATTERN\DEBUG\AUDIBODY.OBJ
D:\DESIGN-PATTERN\C++\ABSTRACTFACTORYPATTERN\DEBUG\AUDIENGINE.OBJ
D:\DESIGN-PATTERN\C++\ABSTRACTFACTORYPATTERN\DEBUG\AUDIFACTORY.OBJ
D:\DESIGN-PATTERN\C++\ABSTRACTFACTORYPATTERN\DEBUG\AUDIWHEEL.OBJ
D:\DESIGN-PATTERN\C++\ABSTRACTFACTORYPATTERN\DEBUG\BENZBODY.OBJ
D:\DESIGN-PATTERN\C++\ABSTRACTFACTORYPATTERN\DEBUG\BENZENGINE.OBJ
D:\DESIGN-PATTERN\C++\ABSTRACTFACTORYPATTERN\DEBUG\BENZFACTORY.OBJ
D:\DESIGN-PATTERN\C++\ABSTRACTFACTORYPATTERN\DEBUG\BENZWHEEL.OBJ
D:\DESIGN-PATTERN\C++\DEBUG\ABSTRACTFACTORYPATTERN.ILK
D:\DESIGN-PATTERN\C++\DEBUG\ABSTRACTFACTORYPATTERN.EXE
D:\DESIGN-PATTERN\C++\DEBUG\ABSTRACTFACTORYPATTERN.PDB
D:\Design-pattern\c++\AbstractFactoryPattern\Debug\AbstractFactoryPattern.obj
D:\Design-pattern\c++\AbstractFactoryPattern\Debug\AudiBody.obj
D:\Design-pattern\c++\AbstractFactoryPattern\Debug\AudiEngine.obj
D:\Design-pattern\c++\AbstractFactoryPattern\Debug\AudiFactory.obj
D:\Design-pattern\c++\AbstractFactoryPattern\Debug\AudiWheel.obj
D:\Design-pattern\c++\AbstractFactoryPattern\Debug\BenzBody.obj
D:\Design-pattern\c++\AbstractFactoryPattern\Debug\BenzEngine.obj
D:\Design-pattern\c++\AbstractFactoryPattern\Debug\BenzFactory.obj
D:\Design-pattern\c++\AbstractFactoryPattern\Debug\BenzWheel.obj
D:\Design-pattern\c++\AbstractFactoryPattern\Debug\stdafx.obj
D:\Design-pattern\c++\AbstractFactoryPattern\Debug\cl.command.1.tlog
D:\Design-pattern\c++\AbstractFactoryPattern\Debug\CL.read.1.tlog
D:\Design-pattern\c++\AbstractFactoryPattern\Debug\CL.write.1.tlog
D:\Design-pattern\c++\AbstractFactoryPattern\Debug\link-cvtres.read.1.tlog
D:\Design-pattern\c++\AbstractFactoryPattern\Debug\link-cvtres.write.1.tlog
D:\Design-pattern\c++\AbstractFactoryPattern\Debug\link-rc.read.1.tlog
D:\Design-pattern\c++\AbstractFactoryPattern\Debug\link-rc.write.1.tlog
D:\Design-pattern\c++\AbstractFactoryPattern\Debug\link.command.1.tlog
D:\Design-pattern\c++\AbstractFactoryPattern\Debug\link.read.1.tlog
D:\Design-pattern\c++\AbstractFactoryPattern\Debug\link.write.1.tlog
D:\Design-pattern\c++\AbstractFactoryPattern\Debug\AbstractFactoryPattern.pch
D:\Design-pattern\c++\AbstractFactoryPattern\Debug\vc110.idb
D:\Design-pattern\c++\AbstractFactoryPattern\Debug\vc110.pdb
